mode: set
github.com/bmorphism/vibespace-mcp-go/streaming/test/mocks/moment_generator.go:20.72,25.2 1 0
github.com/bmorphism/vibespace-mcp-go/streaming/test/mocks/moment_generator.go:28.91,29.28 1 0
github.com/bmorphism/vibespace-mcp-go/streaming/test/mocks/moment_generator.go:29.28,31.3 1 0
github.com/bmorphism/vibespace-mcp-go/streaming/test/mocks/moment_generator.go:34.2,43.20 3 0
github.com/bmorphism/vibespace-mcp-go/streaming/test/mocks/moment_generator.go:47.83,50.31 2 0
github.com/bmorphism/vibespace-mcp-go/streaming/test/mocks/moment_generator.go:50.31,52.3 1 0
github.com/bmorphism/vibespace-mcp-go/streaming/test/mocks/moment_generator.go:54.2,57.31 3 0
github.com/bmorphism/vibespace-mcp-go/streaming/test/mocks/moment_generator.go:57.31,67.3 2 0
github.com/bmorphism/vibespace-mcp-go/streaming/test/mocks/moment_generator.go:69.2,69.21 1 0
github.com/bmorphism/vibespace-mcp-go/streaming/test/mocks/repository.go:17.42,22.2 1 0
github.com/bmorphism/vibespace-mcp-go/streaming/test/mocks/repository.go:25.66,27.9 2 0
github.com/bmorphism/vibespace-mcp-go/streaming/test/mocks/repository.go:27.9,29.3 1 0
github.com/bmorphism/vibespace-mcp-go/streaming/test/mocks/repository.go:30.2,30.18 1 0
github.com/bmorphism/vibespace-mcp-go/streaming/test/mocks/repository.go:34.54,36.31 2 0
github.com/bmorphism/vibespace-mcp-go/streaming/test/mocks/repository.go:36.31,38.3 1 0
github.com/bmorphism/vibespace-mcp-go/streaming/test/mocks/repository.go:39.2,39.14 1 0
github.com/bmorphism/vibespace-mcp-go/streaming/test/mocks/repository.go:43.60,46.2 2 0
github.com/bmorphism/vibespace-mcp-go/streaming/test/mocks/repository.go:49.68,51.9 2 0
github.com/bmorphism/vibespace-mcp-go/streaming/test/mocks/repository.go:51.9,53.3 1 0
github.com/bmorphism/vibespace-mcp-go/streaming/test/mocks/repository.go:54.2,54.19 1 0
github.com/bmorphism/vibespace-mcp-go/streaming/test/mocks/repository.go:58.56,60.33 2 0
github.com/bmorphism/vibespace-mcp-go/streaming/test/mocks/repository.go:60.33,62.3 1 0
github.com/bmorphism/vibespace-mcp-go/streaming/test/mocks/repository.go:63.2,63.15 1 0
github.com/bmorphism/vibespace-mcp-go/streaming/test/mocks/repository.go:67.63,70.2 2 0
github.com/bmorphism/vibespace-mcp-go/streaming/test/mocks/repository.go:73.76,75.16 2 0
github.com/bmorphism/vibespace-mcp-go/streaming/test/mocks/repository.go:75.16,77.3 1 0
github.com/bmorphism/vibespace-mcp-go/streaming/test/mocks/repository.go:79.2,79.29 1 0
github.com/bmorphism/vibespace-mcp-go/streaming/test/mocks/repository.go:79.29,81.3 1 0
github.com/bmorphism/vibespace-mcp-go/streaming/test/mocks/repository.go:83.2,83.37 1 0
github.com/bmorphism/vibespace-mcp-go/streaming/test/mocks/repository.go:87.40,111.2 6 0
github.com/bmorphism/vibespace-mcp-go/streaming/testutils/enhanced_mock_generator.go:17.94,21.2 1 0
github.com/bmorphism/vibespace-mcp-go/streaming/testutils/enhanced_mock_generator.go:24.99,25.28 1 0
github.com/bmorphism/vibespace-mcp-go/streaming/testutils/enhanced_mock_generator.go:25.28,27.3 1 0
github.com/bmorphism/vibespace-mcp-go/streaming/testutils/enhanced_mock_generator.go:30.2,34.20 2 0
github.com/bmorphism/vibespace-mcp-go/streaming/testutils/enhanced_mock_generator.go:38.91,39.28 1 0
github.com/bmorphism/vibespace-mcp-go/streaming/testutils/enhanced_mock_generator.go:39.28,41.3 1 0
github.com/bmorphism/vibespace-mcp-go/streaming/testutils/enhanced_mock_generator.go:43.2,46.31 3 0
github.com/bmorphism/vibespace-mcp-go/streaming/testutils/enhanced_mock_generator.go:46.31,52.3 2 0
github.com/bmorphism/vibespace-mcp-go/streaming/testutils/enhanced_mock_generator.go:54.2,54.21 1 0
github.com/bmorphism/vibespace-mcp-go/streaming/testutils/mock_service.go:17.78,21.2 1 0
github.com/bmorphism/vibespace-mcp-go/streaming/testutils/mock_service.go:24.91,31.2 2 0
github.com/bmorphism/vibespace-mcp-go/streaming/testutils/mock_service.go:34.83,38.31 3 0
github.com/bmorphism/vibespace-mcp-go/streaming/testutils/mock_service.go:38.31,44.3 2 0
github.com/bmorphism/vibespace-mcp-go/streaming/testutils/mock_service.go:46.2,46.21 1 0
github.com/bmorphism/vibespace-mcp-go/streaming/testutils/mock_service.go:50.166,63.2 7 0
github.com/bmorphism/vibespace-mcp-go/streaming/test/mocks/moment_generator.go:20.72,25.2 1 0
github.com/bmorphism/vibespace-mcp-go/streaming/test/mocks/moment_generator.go:28.91,29.28 1 0
github.com/bmorphism/vibespace-mcp-go/streaming/test/mocks/moment_generator.go:29.28,31.3 1 0
github.com/bmorphism/vibespace-mcp-go/streaming/test/mocks/moment_generator.go:34.2,43.20 3 0
github.com/bmorphism/vibespace-mcp-go/streaming/test/mocks/moment_generator.go:47.83,50.31 2 0
github.com/bmorphism/vibespace-mcp-go/streaming/test/mocks/moment_generator.go:50.31,52.3 1 0
github.com/bmorphism/vibespace-mcp-go/streaming/test/mocks/moment_generator.go:54.2,57.31 3 0
github.com/bmorphism/vibespace-mcp-go/streaming/test/mocks/moment_generator.go:57.31,67.3 2 0
github.com/bmorphism/vibespace-mcp-go/streaming/test/mocks/moment_generator.go:69.2,69.21 1 0
github.com/bmorphism/vibespace-mcp-go/streaming/test/mocks/repository.go:17.42,22.2 1 1
github.com/bmorphism/vibespace-mcp-go/streaming/test/mocks/repository.go:25.66,27.9 2 0
github.com/bmorphism/vibespace-mcp-go/streaming/test/mocks/repository.go:27.9,29.3 1 0
github.com/bmorphism/vibespace-mcp-go/streaming/test/mocks/repository.go:30.2,30.18 1 0
github.com/bmorphism/vibespace-mcp-go/streaming/test/mocks/repository.go:34.54,36.31 2 0
github.com/bmorphism/vibespace-mcp-go/streaming/test/mocks/repository.go:36.31,38.3 1 0
github.com/bmorphism/vibespace-mcp-go/streaming/test/mocks/repository.go:39.2,39.14 1 0
github.com/bmorphism/vibespace-mcp-go/streaming/test/mocks/repository.go:43.60,46.2 2 0
github.com/bmorphism/vibespace-mcp-go/streaming/test/mocks/repository.go:49.68,51.9 2 0
github.com/bmorphism/vibespace-mcp-go/streaming/test/mocks/repository.go:51.9,53.3 1 0
github.com/bmorphism/vibespace-mcp-go/streaming/test/mocks/repository.go:54.2,54.19 1 0
github.com/bmorphism/vibespace-mcp-go/streaming/test/mocks/repository.go:58.56,60.33 2 0
github.com/bmorphism/vibespace-mcp-go/streaming/test/mocks/repository.go:60.33,62.3 1 0
github.com/bmorphism/vibespace-mcp-go/streaming/test/mocks/repository.go:63.2,63.15 1 0
github.com/bmorphism/vibespace-mcp-go/streaming/test/mocks/repository.go:67.63,70.2 2 0
github.com/bmorphism/vibespace-mcp-go/streaming/test/mocks/repository.go:73.76,75.16 2 0
github.com/bmorphism/vibespace-mcp-go/streaming/test/mocks/repository.go:75.16,77.3 1 0
github.com/bmorphism/vibespace-mcp-go/streaming/test/mocks/repository.go:79.2,79.29 1 0
github.com/bmorphism/vibespace-mcp-go/streaming/test/mocks/repository.go:79.29,81.3 1 0
github.com/bmorphism/vibespace-mcp-go/streaming/test/mocks/repository.go:83.2,83.37 1 0
github.com/bmorphism/vibespace-mcp-go/streaming/test/mocks/repository.go:87.40,111.2 6 0
github.com/bmorphism/vibespace-mcp-go/streaming/testutils/enhanced_mock_generator.go:17.94,21.2 1 0
github.com/bmorphism/vibespace-mcp-go/streaming/testutils/enhanced_mock_generator.go:24.99,25.28 1 0
github.com/bmorphism/vibespace-mcp-go/streaming/testutils/enhanced_mock_generator.go:25.28,27.3 1 0
github.com/bmorphism/vibespace-mcp-go/streaming/testutils/enhanced_mock_generator.go:30.2,34.20 2 0
github.com/bmorphism/vibespace-mcp-go/streaming/testutils/enhanced_mock_generator.go:38.91,39.28 1 0
github.com/bmorphism/vibespace-mcp-go/streaming/testutils/enhanced_mock_generator.go:39.28,41.3 1 0
github.com/bmorphism/vibespace-mcp-go/streaming/testutils/enhanced_mock_generator.go:43.2,46.31 3 0
github.com/bmorphism/vibespace-mcp-go/streaming/testutils/enhanced_mock_generator.go:46.31,52.3 2 0
github.com/bmorphism/vibespace-mcp-go/streaming/testutils/enhanced_mock_generator.go:54.2,54.21 1 0
github.com/bmorphism/vibespace-mcp-go/streaming/testutils/mock_service.go:17.78,21.2 1 1
github.com/bmorphism/vibespace-mcp-go/streaming/testutils/mock_service.go:24.91,31.2 2 1
github.com/bmorphism/vibespace-mcp-go/streaming/testutils/mock_service.go:34.83,38.31 3 0
github.com/bmorphism/vibespace-mcp-go/streaming/testutils/mock_service.go:38.31,44.3 2 0
github.com/bmorphism/vibespace-mcp-go/streaming/testutils/mock_service.go:46.2,46.21 1 0
github.com/bmorphism/vibespace-mcp-go/streaming/testutils/mock_service.go:50.166,63.2 7 1
github.com/bmorphism/vibespace-mcp-go/streaming/access_control.go:8.69,10.71 1 1
github.com/bmorphism/vibespace-mcp-go/streaming/access_control.go:10.71,13.3 1 1
github.com/bmorphism/vibespace-mcp-go/streaming/access_control.go:16.2,16.29 1 1
github.com/bmorphism/vibespace-mcp-go/streaming/access_control.go:16.29,18.3 1 1
github.com/bmorphism/vibespace-mcp-go/streaming/access_control.go:21.2,21.32 1 1
github.com/bmorphism/vibespace-mcp-go/streaming/access_control.go:21.32,23.3 1 0
github.com/bmorphism/vibespace-mcp-go/streaming/access_control.go:26.2,26.58 1 1
github.com/bmorphism/vibespace-mcp-go/streaming/access_control.go:26.58,27.28 1 1
github.com/bmorphism/vibespace-mcp-go/streaming/access_control.go:27.28,29.4 1 1
github.com/bmorphism/vibespace-mcp-go/streaming/access_control.go:33.2,33.14 1 1
github.com/bmorphism/vibespace-mcp-go/streaming/access_control.go:38.90,40.37 1 1
github.com/bmorphism/vibespace-mcp-go/streaming/access_control.go:40.37,42.3 1 1
github.com/bmorphism/vibespace-mcp-go/streaming/access_control.go:45.2,45.32 1 1
github.com/bmorphism/vibespace-mcp-go/streaming/access_control.go:45.32,47.3 1 1
github.com/bmorphism/vibespace-mcp-go/streaming/access_control.go:50.2,53.37 2 1
github.com/bmorphism/vibespace-mcp-go/streaming/access_control.go:54.31,58.25 3 1
github.com/bmorphism/vibespace-mcp-go/streaming/access_control.go:58.25,63.4 3 1
github.com/bmorphism/vibespace-mcp-go/streaming/access_control.go:65.34,67.25 1 1
github.com/bmorphism/vibespace-mcp-go/streaming/access_control.go:70.31,70.31 0 1
github.com/bmorphism/vibespace-mcp-go/streaming/access_control.go:74.2,74.16 1 1
github.com/bmorphism/vibespace-mcp-go/streaming/moment_generator.go:15.68,19.2 1 1
github.com/bmorphism/vibespace-mcp-go/streaming/moment_generator.go:22.87,25.16 2 1
github.com/bmorphism/vibespace-mcp-go/streaming/moment_generator.go:25.16,27.3 1 1
github.com/bmorphism/vibespace-mcp-go/streaming/moment_generator.go:30.2,32.16 3 1
github.com/bmorphism/vibespace-mcp-go/streaming/moment_generator.go:32.16,36.3 2 1
github.com/bmorphism/vibespace-mcp-go/streaming/moment_generator.go:39.2,44.20 4 1
github.com/bmorphism/vibespace-mcp-go/streaming/moment_generator.go:44.20,46.3 1 1
github.com/bmorphism/vibespace-mcp-go/streaming/moment_generator.go:49.2,54.67 2 1
github.com/bmorphism/vibespace-mcp-go/streaming/moment_generator.go:54.67,61.3 1 1
github.com/bmorphism/vibespace-mcp-go/streaming/moment_generator.go:63.2,77.20 2 1
github.com/bmorphism/vibespace-mcp-go/streaming/moment_generator.go:81.79,86.19 2 1
github.com/bmorphism/vibespace-mcp-go/streaming/moment_generator.go:86.19,88.3 1 1
github.com/bmorphism/vibespace-mcp-go/streaming/moment_generator.go:90.2,93.31 2 1
github.com/bmorphism/vibespace-mcp-go/streaming/moment_generator.go:93.31,95.17 2 1
github.com/bmorphism/vibespace-mcp-go/streaming/moment_generator.go:95.17,96.12 1 0
github.com/bmorphism/vibespace-mcp-go/streaming/moment_generator.go:98.3,98.36 1 1
github.com/bmorphism/vibespace-mcp-go/streaming/moment_generator.go:101.2,101.21 1 1
github.com/bmorphism/vibespace-mcp-go/streaming/moment_generator.go:110.41,112.2 1 1
github.com/bmorphism/vibespace-mcp-go/streaming/moment_generator.go:115.52,121.20 2 1
github.com/bmorphism/vibespace-mcp-go/streaming/moment_generator.go:121.20,123.3 1 1
github.com/bmorphism/vibespace-mcp-go/streaming/moment_generator.go:125.2,125.17 1 1
github.com/bmorphism/vibespace-mcp-go/streaming/nats_client.go:36.73,44.2 1 1
github.com/bmorphism/vibespace-mcp-go/streaming/nats_client.go:47.41,54.61 5 1
github.com/bmorphism/vibespace-mcp-go/streaming/nats_client.go:54.61,59.29 3 1
github.com/bmorphism/vibespace-mcp-go/streaming/nats_client.go:59.29,61.4 1 1
github.com/bmorphism/vibespace-mcp-go/streaming/nats_client.go:62.3,62.21 1 1
github.com/bmorphism/vibespace-mcp-go/streaming/nats_client.go:66.2,66.18 1 1
github.com/bmorphism/vibespace-mcp-go/streaming/nats_client.go:66.18,69.3 2 1
github.com/bmorphism/vibespace-mcp-go/streaming/nats_client.go:71.2,71.14 1 1
github.com/bmorphism/vibespace-mcp-go/streaming/nats_client.go:89.44,103.2 2 1
github.com/bmorphism/vibespace-mcp-go/streaming/nats_client.go:106.73,110.2 3 1
github.com/bmorphism/vibespace-mcp-go/streaming/nats_client.go:113.38,117.58 3 1
github.com/bmorphism/vibespace-mcp-go/streaming/nats_client.go:117.58,119.3 1 1
github.com/bmorphism/vibespace-mcp-go/streaming/nats_client.go:122.2,122.19 1 1
github.com/bmorphism/vibespace-mcp-go/streaming/nats_client.go:122.19,125.3 2 1
github.com/bmorphism/vibespace-mcp-go/streaming/nats_client.go:128.2,140.76 3 1
github.com/bmorphism/vibespace-mcp-go/streaming/nats_client.go:140.76,145.4 4 0
github.com/bmorphism/vibespace-mcp-go/streaming/nats_client.go:148.60,155.4 6 0
github.com/bmorphism/vibespace-mcp-go/streaming/nats_client.go:158.45,165.4 5 0
github.com/bmorphism/vibespace-mcp-go/streaming/nats_client.go:168.42,173.4 4 0
github.com/bmorphism/vibespace-mcp-go/streaming/nats_client.go:176.2,176.16 1 1
github.com/bmorphism/vibespace-mcp-go/streaming/nats_client.go:176.16,179.3 2 0
github.com/bmorphism/vibespace-mcp-go/streaming/nats_client.go:181.2,186.12 3 1
github.com/bmorphism/vibespace-mcp-go/streaming/nats_client.go:190.30,194.19 3 1
github.com/bmorphism/vibespace-mcp-go/streaming/nats_client.go:194.19,197.3 2 0
github.com/bmorphism/vibespace-mcp-go/streaming/nats_client.go:202.113,204.28 1 1
github.com/bmorphism/vibespace-mcp-go/streaming/nats_client.go:204.28,206.3 1 1
github.com/bmorphism/vibespace-mcp-go/streaming/nats_client.go:209.2,209.26 1 1
github.com/bmorphism/vibespace-mcp-go/streaming/nats_client.go:209.26,211.3 1 1
github.com/bmorphism/vibespace-mcp-go/streaming/nats_client.go:213.2,213.20 1 1
github.com/bmorphism/vibespace-mcp-go/streaming/nats_client.go:218.98,222.26 2 1
github.com/bmorphism/vibespace-mcp-go/streaming/nats_client.go:222.26,224.3 1 1
github.com/bmorphism/vibespace-mcp-go/streaming/nats_client.go:228.2,235.16 4 1
github.com/bmorphism/vibespace-mcp-go/streaming/nats_client.go:235.16,237.3 1 0
github.com/bmorphism/vibespace-mcp-go/streaming/nats_client.go:240.2,240.29 1 1
github.com/bmorphism/vibespace-mcp-go/streaming/nats_client.go:240.29,242.3 1 1
github.com/bmorphism/vibespace-mcp-go/streaming/nats_client.go:243.2,246.60 2 1
github.com/bmorphism/vibespace-mcp-go/streaming/nats_client.go:246.60,248.40 1 1
github.com/bmorphism/vibespace-mcp-go/streaming/nats_client.go:248.40,249.12 1 1
github.com/bmorphism/vibespace-mcp-go/streaming/nats_client.go:253.3,254.28 2 1
github.com/bmorphism/vibespace-mcp-go/streaming/nats_client.go:254.28,255.12 1 0
github.com/bmorphism/vibespace-mcp-go/streaming/nats_client.go:259.3,263.17 3 1
github.com/bmorphism/vibespace-mcp-go/streaming/nats_client.go:263.17,265.12 2 0
github.com/bmorphism/vibespace-mcp-go/streaming/nats_client.go:268.3,268.39 1 1
github.com/bmorphism/vibespace-mcp-go/streaming/nats_client.go:271.2,271.22 1 1
github.com/bmorphism/vibespace-mcp-go/streaming/nats_client.go:275.90,277.22 1 1
github.com/bmorphism/vibespace-mcp-go/streaming/nats_client.go:277.22,279.3 1 1
github.com/bmorphism/vibespace-mcp-go/streaming/nats_client.go:282.2,282.33 1 1
github.com/bmorphism/vibespace-mcp-go/streaming/nats_client.go:282.33,284.3 1 1
github.com/bmorphism/vibespace-mcp-go/streaming/nats_client.go:287.2,288.16 2 1
github.com/bmorphism/vibespace-mcp-go/streaming/nats_client.go:288.16,290.3 1 0
github.com/bmorphism/vibespace-mcp-go/streaming/nats_client.go:293.2,294.16 2 1
github.com/bmorphism/vibespace-mcp-go/streaming/nats_client.go:294.16,296.3 1 0
github.com/bmorphism/vibespace-mcp-go/streaming/nats_client.go:298.2,302.35 3 1
github.com/bmorphism/vibespace-mcp-go/streaming/nats_client.go:302.35,304.3 1 0
github.com/bmorphism/vibespace-mcp-go/streaming/nats_client.go:307.2,308.41 2 1
github.com/bmorphism/vibespace-mcp-go/streaming/nats_client.go:308.41,309.55 1 1
github.com/bmorphism/vibespace-mcp-go/streaming/nats_client.go:309.55,311.4 1 1
github.com/bmorphism/vibespace-mcp-go/streaming/nats_client.go:312.3,312.17 1 1
github.com/bmorphism/vibespace-mcp-go/streaming/nats_client.go:316.2,318.12 2 1
github.com/bmorphism/vibespace-mcp-go/streaming/nats_client.go:323.99,325.19 1 1
github.com/bmorphism/vibespace-mcp-go/streaming/nats_client.go:325.19,327.3 1 1
github.com/bmorphism/vibespace-mcp-go/streaming/nats_client.go:329.2,329.17 1 1
github.com/bmorphism/vibespace-mcp-go/streaming/nats_client.go:329.17,331.3 1 1
github.com/bmorphism/vibespace-mcp-go/streaming/nats_client.go:334.2,338.16 3 1
github.com/bmorphism/vibespace-mcp-go/streaming/nats_client.go:338.16,340.3 1 0
github.com/bmorphism/vibespace-mcp-go/streaming/nats_client.go:342.2,342.27 1 1
github.com/bmorphism/vibespace-mcp-go/streaming/nats_client.go:346.81,348.22 1 1
github.com/bmorphism/vibespace-mcp-go/streaming/nats_client.go:348.22,350.3 1 1
github.com/bmorphism/vibespace-mcp-go/streaming/nats_client.go:353.2,353.33 1 1
github.com/bmorphism/vibespace-mcp-go/streaming/nats_client.go:353.33,355.3 1 0
github.com/bmorphism/vibespace-mcp-go/streaming/nats_client.go:358.2,359.16 2 1
github.com/bmorphism/vibespace-mcp-go/streaming/nats_client.go:359.16,361.3 1 0
github.com/bmorphism/vibespace-mcp-go/streaming/nats_client.go:363.2,367.35 3 1
github.com/bmorphism/vibespace-mcp-go/streaming/nats_client.go:367.35,369.3 1 0
github.com/bmorphism/vibespace-mcp-go/streaming/nats_client.go:372.2,373.16 2 1
github.com/bmorphism/vibespace-mcp-go/streaming/nats_client.go:373.16,375.3 1 1
github.com/bmorphism/vibespace-mcp-go/streaming/nats_client.go:378.2,380.12 2 1
github.com/bmorphism/vibespace-mcp-go/streaming/nats_client.go:384.41,388.2 3 1
github.com/bmorphism/vibespace-mcp-go/streaming/nats_client.go:404.61,416.24 4 1
github.com/bmorphism/vibespace-mcp-go/streaming/nats_client.go:416.24,418.3 1 1
github.com/bmorphism/vibespace-mcp-go/streaming/nats_client.go:421.2,421.34 1 1
github.com/bmorphism/vibespace-mcp-go/streaming/nats_client.go:421.34,426.43 3 1
github.com/bmorphism/vibespace-mcp-go/streaming/nats_client.go:426.43,428.4 1 1
github.com/bmorphism/vibespace-mcp-go/streaming/nats_client.go:431.2,431.15 1 1
github.com/bmorphism/vibespace-mcp-go/streaming/nats_mock.go:29.42,37.2 1 1
github.com/bmorphism/vibespace-mcp-go/streaming/nats_mock.go:40.53,44.2 3 1
github.com/bmorphism/vibespace-mcp-go/streaming/nats_mock.go:47.59,51.2 3 1
github.com/bmorphism/vibespace-mcp-go/streaming/nats_mock.go:54.57,58.2 3 1
github.com/bmorphism/vibespace-mcp-go/streaming/nats_mock.go:61.42,65.27 3 1
github.com/bmorphism/vibespace-mcp-go/streaming/nats_mock.go:65.27,67.3 1 1
github.com/bmorphism/vibespace-mcp-go/streaming/nats_mock.go:69.2,71.12 3 1
github.com/bmorphism/vibespace-mcp-go/streaming/nats_mock.go:75.34,79.2 3 1
github.com/bmorphism/vibespace-mcp-go/streaming/nats_mock.go:82.94,86.33 3 1
github.com/bmorphism/vibespace-mcp-go/streaming/nats_mock.go:86.33,88.3 1 1
github.com/bmorphism/vibespace-mcp-go/streaming/nats_mock.go:90.2,90.18 1 1
github.com/bmorphism/vibespace-mcp-go/streaming/nats_mock.go:90.18,92.3 1 1
github.com/bmorphism/vibespace-mcp-go/streaming/nats_mock.go:94.2,95.12 2 1
github.com/bmorphism/vibespace-mcp-go/streaming/nats_mock.go:99.85,103.31 3 1
github.com/bmorphism/vibespace-mcp-go/streaming/nats_mock.go:103.31,105.3 1 1
github.com/bmorphism/vibespace-mcp-go/streaming/nats_mock.go:107.2,107.18 1 1
github.com/bmorphism/vibespace-mcp-go/streaming/nats_mock.go:107.18,109.3 1 1
github.com/bmorphism/vibespace-mcp-go/streaming/nats_mock.go:111.2,112.12 2 1
github.com/bmorphism/vibespace-mcp-go/streaming/nats_mock.go:116.45,120.2 3 1
github.com/bmorphism/vibespace-mcp-go/streaming/nats_mock.go:123.65,128.24 4 1
github.com/bmorphism/vibespace-mcp-go/streaming/nats_mock.go:128.24,130.3 1 1
github.com/bmorphism/vibespace-mcp-go/streaming/nats_mock.go:132.2,139.3 1 1
github.com/bmorphism/vibespace-mcp-go/streaming/nats_mock.go:143.70,147.2 3 1
github.com/bmorphism/vibespace-mcp-go/streaming/nats_mock.go:150.70,154.2 3 1
github.com/bmorphism/vibespace-mcp-go/streaming/nats_mock.go:157.47,162.2 4 1
github.com/bmorphism/vibespace-mcp-go/streaming/nats_mock.go:165.46,170.2 4 1
github.com/bmorphism/vibespace-mcp-go/streaming/service.go:33.95,35.26 1 1
github.com/bmorphism/vibespace-mcp-go/streaming/service.go:35.26,37.3 1 1
github.com/bmorphism/vibespace-mcp-go/streaming/service.go:39.2,39.27 1 1
github.com/bmorphism/vibespace-mcp-go/streaming/service.go:39.27,41.3 1 1
github.com/bmorphism/vibespace-mcp-go/streaming/service.go:44.2,44.51 1 1
github.com/bmorphism/vibespace-mcp-go/streaming/service.go:44.51,46.3 1 1
github.com/bmorphism/vibespace-mcp-go/streaming/service.go:46.8,46.33 1 1
github.com/bmorphism/vibespace-mcp-go/streaming/service.go:46.33,49.3 1 1
github.com/bmorphism/vibespace-mcp-go/streaming/service.go:52.2,54.57 2 1
github.com/bmorphism/vibespace-mcp-go/streaming/service.go:59.130,68.2 1 1
github.com/bmorphism/vibespace-mcp-go/streaming/service.go:71.42,76.47 3 1
github.com/bmorphism/vibespace-mcp-go/streaming/service.go:76.47,78.3 1 1
github.com/bmorphism/vibespace-mcp-go/streaming/service.go:81.2,81.24 1 1
github.com/bmorphism/vibespace-mcp-go/streaming/service.go:81.24,83.3 1 1
github.com/bmorphism/vibespace-mcp-go/streaming/service.go:85.2,85.12 1 1
github.com/bmorphism/vibespace-mcp-go/streaming/service.go:89.35,94.23 3 1
github.com/bmorphism/vibespace-mcp-go/streaming/service.go:94.23,96.3 1 1
github.com/bmorphism/vibespace-mcp-go/streaming/service.go:99.2,99.22 1 1
github.com/bmorphism/vibespace-mcp-go/streaming/service.go:103.51,107.2 3 1
github.com/bmorphism/vibespace-mcp-go/streaming/service.go:110.51,111.23 1 1
github.com/bmorphism/vibespace-mcp-go/streaming/service.go:111.23,113.3 1 1
github.com/bmorphism/vibespace-mcp-go/streaming/service.go:116.2,116.33 1 1
github.com/bmorphism/vibespace-mcp-go/streaming/service.go:116.33,117.48 1 1
github.com/bmorphism/vibespace-mcp-go/streaming/service.go:117.48,119.4 1 1
github.com/bmorphism/vibespace-mcp-go/streaming/service.go:123.2,129.12 4 1
github.com/bmorphism/vibespace-mcp-go/streaming/service.go:133.44,137.2 3 1
github.com/bmorphism/vibespace-mcp-go/streaming/service.go:140.44,141.24 1 1
github.com/bmorphism/vibespace-mcp-go/streaming/service.go:141.24,143.3 1 1
github.com/bmorphism/vibespace-mcp-go/streaming/service.go:146.2,147.27 2 1
github.com/bmorphism/vibespace-mcp-go/streaming/service.go:151.44,155.6 3 1
github.com/bmorphism/vibespace-mcp-go/streaming/service.go:155.6,156.10 1 1
github.com/bmorphism/vibespace-mcp-go/streaming/service.go:157.19,160.18 2 1
github.com/bmorphism/vibespace-mcp-go/streaming/service.go:160.18,162.13 2 1
github.com/bmorphism/vibespace-mcp-go/streaming/service.go:166.4,166.35 1 1
github.com/bmorphism/vibespace-mcp-go/streaming/service.go:166.35,170.24 2 1
github.com/bmorphism/vibespace-mcp-go/streaming/service.go:170.24,172.6 1 1
github.com/bmorphism/vibespace-mcp-go/streaming/service.go:175.5,175.111 1 1
github.com/bmorphism/vibespace-mcp-go/streaming/service.go:175.111,182.6 1 1
github.com/bmorphism/vibespace-mcp-go/streaming/service.go:184.5,184.78 1 1
github.com/bmorphism/vibespace-mcp-go/streaming/service.go:184.78,186.6 1 1
github.com/bmorphism/vibespace-mcp-go/streaming/service.go:189.21,191.10 1 1
github.com/bmorphism/vibespace-mcp-go/streaming/service.go:197.83,202.33 3 1
github.com/bmorphism/vibespace-mcp-go/streaming/service.go:202.33,203.48 1 1
github.com/bmorphism/vibespace-mcp-go/streaming/service.go:203.48,205.4 1 1
github.com/bmorphism/vibespace-mcp-go/streaming/service.go:209.2,210.16 2 1
github.com/bmorphism/vibespace-mcp-go/streaming/service.go:210.16,212.3 1 1
github.com/bmorphism/vibespace-mcp-go/streaming/service.go:215.2,215.28 1 1
github.com/bmorphism/vibespace-mcp-go/streaming/service.go:215.28,217.3 1 1
github.com/bmorphism/vibespace-mcp-go/streaming/service.go:220.2,221.40 2 1
github.com/bmorphism/vibespace-mcp-go/streaming/service.go:221.40,222.23 1 1
github.com/bmorphism/vibespace-mcp-go/streaming/service.go:222.23,224.9 2 1
github.com/bmorphism/vibespace-mcp-go/streaming/service.go:228.2,228.17 1 1
github.com/bmorphism/vibespace-mcp-go/streaming/service.go:228.17,230.3 1 1
github.com/bmorphism/vibespace-mcp-go/streaming/service.go:233.2,233.108 1 1
github.com/bmorphism/vibespace-mcp-go/streaming/service.go:233.108,239.3 1 1
github.com/bmorphism/vibespace-mcp-go/streaming/service.go:242.2,242.72 1 1
github.com/bmorphism/vibespace-mcp-go/streaming/service.go:242.72,244.3 1 1
github.com/bmorphism/vibespace-mcp-go/streaming/service.go:246.2,246.12 1 1
github.com/bmorphism/vibespace-mcp-go/streaming/service.go:250.47,254.2 3 1
github.com/bmorphism/vibespace-mcp-go/streaming/service.go:257.87,262.33 3 1
github.com/bmorphism/vibespace-mcp-go/streaming/service.go:262.33,263.48 1 1
github.com/bmorphism/vibespace-mcp-go/streaming/service.go:263.48,265.4 1 1
github.com/bmorphism/vibespace-mcp-go/streaming/service.go:269.2,269.54 1 1
github.com/bmorphism/vibespace-mcp-go/streaming/service_test_with_mock.go:13.49,54.53 11 0
github.com/bmorphism/vibespace-mcp-go/streaming/service_test_with_mock.go:54.53,70.3 6 0
github.com/bmorphism/vibespace-mcp-go/streaming/service_test_with_mock.go:72.2,72.51 1 0
github.com/bmorphism/vibespace-mcp-go/streaming/service_test_with_mock.go:72.51,99.3 8 0
github.com/bmorphism/vibespace-mcp-go/streaming/service_test_with_mock.go:101.2,101.55 1 0
github.com/bmorphism/vibespace-mcp-go/streaming/service_test_with_mock.go:101.55,116.3 7 0
github.com/bmorphism/vibespace-mcp-go/streaming/service_test_with_mock.go:118.2,118.50 1 0
github.com/bmorphism/vibespace-mcp-go/streaming/service_test_with_mock.go:118.50,137.3 7 0
github.com/bmorphism/vibespace-mcp-go/streaming/service_test_with_mock.go:139.2,139.75 1 0
github.com/bmorphism/vibespace-mcp-go/streaming/service_test_with_mock.go:139.75,162.3 9 0
github.com/bmorphism/vibespace-mcp-go/streaming/service_test_with_mock.go:164.2,164.64 1 0
github.com/bmorphism/vibespace-mcp-go/streaming/service_test_with_mock.go:164.64,178.3 6 0
github.com/bmorphism/vibespace-mcp-go/streaming/service_test_with_mock.go:180.2,180.60 1 0
github.com/bmorphism/vibespace-mcp-go/streaming/service_test_with_mock.go:180.60,196.3 6 0
github.com/bmorphism/vibespace-mcp-go/streaming/service_test_with_mock.go:198.2,198.67 1 0
github.com/bmorphism/vibespace-mcp-go/streaming/service_test_with_mock.go:198.67,215.3 9 0
github.com/bmorphism/vibespace-mcp-go/streaming/service_test_with_mock.go:217.2,217.72 1 0
github.com/bmorphism/vibespace-mcp-go/streaming/service_test_with_mock.go:217.72,232.3 7 0
github.com/bmorphism/vibespace-mcp-go/streaming/service_test_with_mock.go:234.2,234.67 1 0
github.com/bmorphism/vibespace-mcp-go/streaming/service_test_with_mock.go:234.67,247.3 7 0
github.com/bmorphism/vibespace-mcp-go/streaming/service_test_with_mock.go:249.2,249.72 1 0
github.com/bmorphism/vibespace-mcp-go/streaming/service_test_with_mock.go:249.72,269.3 10 0
github.com/bmorphism/vibespace-mcp-go/streaming/service_test_with_mock.go:271.2,271.67 1 0
github.com/bmorphism/vibespace-mcp-go/streaming/service_test_with_mock.go:271.67,288.3 9 0
github.com/bmorphism/vibespace-mcp-go/streaming/test_helper.go:8.59,10.2 1 1
github.com/bmorphism/vibespace-mcp-go/streaming/test_helper.go:13.56,17.2 3 1
github.com/bmorphism/vibespace-mcp-go/streaming/test_helper.go:20.60,25.2 4 1
github.com/bmorphism/vibespace-mcp-go/streaming/test_helper.go:28.63,30.2 1 1
github.com/bmorphism/vibespace-mcp-go/streaming/test_helper.go:33.66,35.2 1 1
github.com/bmorphism/vibespace-mcp-go/streaming/test_helper.go:38.64,40.2 1 1
github.com/bmorphism/vibespace-mcp-go/streaming/test_helper.go:43.57,45.2 1 1
github.com/bmorphism/vibespace-mcp-go/streaming/test_helper.go:48.60,50.2 1 1
github.com/bmorphism/vibespace-mcp-go/streaming/test_helper.go:53.83,55.2 1 1
github.com/bmorphism/vibespace-mcp-go/streaming/test_helper.go:58.68,60.2 1 1
github.com/bmorphism/vibespace-mcp-go/streaming/tools.go:17.67,21.2 1 1
github.com/bmorphism/vibespace-mcp-go/streaming/tools.go:35.102,37.22 1 1
github.com/bmorphism/vibespace-mcp-go/streaming/tools.go:37.22,39.3 1 1
github.com/bmorphism/vibespace-mcp-go/streaming/tools.go:42.2,43.16 2 1
github.com/bmorphism/vibespace-mcp-go/streaming/tools.go:43.16,48.3 1 0
github.com/bmorphism/vibespace-mcp-go/streaming/tools.go:50.2,53.8 1 1
github.com/bmorphism/vibespace-mcp-go/streaming/tools.go:63.74,70.2 2 1
github.com/bmorphism/vibespace-mcp-go/streaming/tools.go:88.60,98.17 7 1
github.com/bmorphism/vibespace-mcp-go/streaming/tools.go:98.17,100.3 1 1
github.com/bmorphism/vibespace-mcp-go/streaming/tools.go:102.2,114.17 3 1
github.com/bmorphism/vibespace-mcp-go/streaming/tools.go:114.17,117.3 2 1
github.com/bmorphism/vibespace-mcp-go/streaming/tools.go:117.8,117.24 1 1
github.com/bmorphism/vibespace-mcp-go/streaming/tools.go:117.24,120.3 2 1
github.com/bmorphism/vibespace-mcp-go/streaming/tools.go:120.8,123.3 2 1
github.com/bmorphism/vibespace-mcp-go/streaming/tools.go:126.2,126.17 1 1
github.com/bmorphism/vibespace-mcp-go/streaming/tools.go:126.17,128.33 1 1
github.com/bmorphism/vibespace-mcp-go/streaming/tools.go:128.33,131.75 2 0
github.com/bmorphism/vibespace-mcp-go/streaming/tools.go:131.75,133.5 1 0
github.com/bmorphism/vibespace-mcp-go/streaming/tools.go:133.10,135.39 1 0
github.com/bmorphism/vibespace-mcp-go/streaming/tools.go:135.39,137.5 1 0
github.com/bmorphism/vibespace-mcp-go/streaming/tools.go:137.10,139.5 1 0
github.com/bmorphism/vibespace-mcp-go/streaming/tools.go:140.9,142.50 1 1
github.com/bmorphism/vibespace-mcp-go/streaming/tools.go:142.50,144.5 1 1
github.com/bmorphism/vibespace-mcp-go/streaming/tools.go:144.10,144.53 1 1
github.com/bmorphism/vibespace-mcp-go/streaming/tools.go:144.53,146.5 1 1
github.com/bmorphism/vibespace-mcp-go/streaming/tools.go:146.10,148.5 1 1
github.com/bmorphism/vibespace-mcp-go/streaming/tools.go:150.8,152.3 1 1
github.com/bmorphism/vibespace-mcp-go/streaming/tools.go:154.2,154.22 1 1
github.com/bmorphism/vibespace-mcp-go/streaming/tools.go:178.93,179.23 1 1
github.com/bmorphism/vibespace-mcp-go/streaming/tools.go:179.23,184.3 1 1
github.com/bmorphism/vibespace-mcp-go/streaming/tools.go:187.2,187.22 1 1
github.com/bmorphism/vibespace-mcp-go/streaming/tools.go:187.22,192.3 1 1
github.com/bmorphism/vibespace-mcp-go/streaming/tools.go:195.2,195.24 1 1
github.com/bmorphism/vibespace-mcp-go/streaming/tools.go:195.24,198.17 2 1
github.com/bmorphism/vibespace-mcp-go/streaming/tools.go:198.17,203.4 1 0
github.com/bmorphism/vibespace-mcp-go/streaming/tools.go:206.3,215.37 3 1
github.com/bmorphism/vibespace-mcp-go/streaming/tools.go:215.37,217.4 1 1
github.com/bmorphism/vibespace-mcp-go/streaming/tools.go:217.9,220.4 1 0
github.com/bmorphism/vibespace-mcp-go/streaming/tools.go:223.3,224.41 2 1
github.com/bmorphism/vibespace-mcp-go/streaming/tools.go:224.41,225.28 1 0
github.com/bmorphism/vibespace-mcp-go/streaming/tools.go:225.28,227.10 2 0
github.com/bmorphism/vibespace-mcp-go/streaming/tools.go:231.3,231.18 1 1
github.com/bmorphism/vibespace-mcp-go/streaming/tools.go:231.18,233.4 1 1
github.com/bmorphism/vibespace-mcp-go/streaming/tools.go:236.3,236.85 1 1
github.com/bmorphism/vibespace-mcp-go/streaming/tools.go:236.85,241.4 1 0
github.com/bmorphism/vibespace-mcp-go/streaming/tools.go:243.3,246.9 1 1
github.com/bmorphism/vibespace-mcp-go/streaming/tools.go:250.2,251.16 2 1
github.com/bmorphism/vibespace-mcp-go/streaming/tools.go:251.16,256.3 1 1
github.com/bmorphism/vibespace-mcp-go/streaming/tools.go:258.2,261.8 1 1
github.com/bmorphism/vibespace-mcp-go/streaming/tools.go:280.96,286.23 3 1
github.com/bmorphism/vibespace-mcp-go/streaming/tools.go:286.23,289.3 2 1
github.com/bmorphism/vibespace-mcp-go/streaming/tools.go:289.8,291.25 1 0
github.com/bmorphism/vibespace-mcp-go/streaming/tools.go:291.25,294.4 2 0
github.com/bmorphism/vibespace-mcp-go/streaming/tools.go:296.3,296.23 1 0
github.com/bmorphism/vibespace-mcp-go/streaming/tools.go:296.23,299.4 2 0
github.com/bmorphism/vibespace-mcp-go/streaming/tools.go:302.3,302.20 1 0
github.com/bmorphism/vibespace-mcp-go/streaming/tools.go:302.20,306.4 1 0
github.com/bmorphism/vibespace-mcp-go/streaming/tools.go:310.2,311.24 2 1
github.com/bmorphism/vibespace-mcp-go/streaming/tools.go:311.24,314.3 2 0
github.com/bmorphism/vibespace-mcp-go/streaming/tools.go:317.2,317.38 1 1
github.com/bmorphism/vibespace-mcp-go/streaming/tools.go:317.38,319.19 1 1
github.com/bmorphism/vibespace-mcp-go/streaming/tools.go:319.19,321.4 1 0
github.com/bmorphism/vibespace-mcp-go/streaming/tools.go:324.3,333.17 4 1
github.com/bmorphism/vibespace-mcp-go/streaming/tools.go:333.17,338.4 1 0
github.com/bmorphism/vibespace-mcp-go/streaming/tools.go:340.3,340.19 1 1
github.com/bmorphism/vibespace-mcp-go/streaming/tools.go:340.19,341.53 1 0
github.com/bmorphism/vibespace-mcp-go/streaming/tools.go:341.53,346.5 1 0
github.com/bmorphism/vibespace-mcp-go/streaming/tools.go:351.2,351.28 1 1
github.com/bmorphism/vibespace-mcp-go/streaming/tools.go:351.28,353.3 1 1
github.com/bmorphism/vibespace-mcp-go/streaming/tools.go:355.2,360.8 1 1
github.com/bmorphism/vibespace-mcp-go/streaming/tools.go:364.55,372.2 1 1
github.com/bmorphism/vibespace-mcp-go/streaming/tools_test_with_mock.go:14.94,51.2 9 1
github.com/bmorphism/vibespace-mcp-go/streaming/tools_test_with_mock.go:53.44,80.2 13 1
github.com/bmorphism/vibespace-mcp-go/streaming/tools_test_with_mock.go:82.43,103.2 12 1
github.com/bmorphism/vibespace-mcp-go/streaming/tools_test_with_mock.go:105.36,137.2 22 1
github.com/bmorphism/vibespace-mcp-go/streaming/tools_test_with_mock.go:139.41,183.2 21 1
github.com/bmorphism/vibespace-mcp-go/streaming/tools_test_with_mock.go:185.42,211.2 13 1
github.com/bmorphism/vibespace-mcp-go/streaming/test/mock_service.go:17.78,21.2 1 0
github.com/bmorphism/vibespace-mcp-go/streaming/test/mock_service.go:24.91,31.2 2 0
github.com/bmorphism/vibespace-mcp-go/streaming/test/mock_service.go:34.83,38.31 3 0
github.com/bmorphism/vibespace-mcp-go/streaming/test/mock_service.go:38.31,44.3 2 0
github.com/bmorphism/vibespace-mcp-go/streaming/test/mock_service.go:46.2,46.21 1 0
github.com/bmorphism/vibespace-mcp-go/streaming/test/mock_service.go:50.166,63.2 7 0
github.com/bmorphism/vibespace-mcp-go/streaming/test/mocks/moment_generator.go:20.72,25.2 1 0
github.com/bmorphism/vibespace-mcp-go/streaming/test/mocks/moment_generator.go:28.91,29.28 1 0
github.com/bmorphism/vibespace-mcp-go/streaming/test/mocks/moment_generator.go:29.28,31.3 1 0
github.com/bmorphism/vibespace-mcp-go/streaming/test/mocks/moment_generator.go:34.2,43.20 3 0
github.com/bmorphism/vibespace-mcp-go/streaming/test/mocks/moment_generator.go:47.83,50.31 2 0
github.com/bmorphism/vibespace-mcp-go/streaming/test/mocks/moment_generator.go:50.31,52.3 1 0
github.com/bmorphism/vibespace-mcp-go/streaming/test/mocks/moment_generator.go:54.2,57.31 3 0
github.com/bmorphism/vibespace-mcp-go/streaming/test/mocks/moment_generator.go:57.31,67.3 2 0
github.com/bmorphism/vibespace-mcp-go/streaming/test/mocks/moment_generator.go:69.2,69.21 1 0
github.com/bmorphism/vibespace-mcp-go/streaming/test/mocks/repository.go:17.42,22.2 1 1
github.com/bmorphism/vibespace-mcp-go/streaming/test/mocks/repository.go:25.66,27.9 2 0
github.com/bmorphism/vibespace-mcp-go/streaming/test/mocks/repository.go:27.9,29.3 1 0
github.com/bmorphism/vibespace-mcp-go/streaming/test/mocks/repository.go:30.2,30.18 1 0
github.com/bmorphism/vibespace-mcp-go/streaming/test/mocks/repository.go:34.54,36.31 2 0
github.com/bmorphism/vibespace-mcp-go/streaming/test/mocks/repository.go:36.31,38.3 1 0
github.com/bmorphism/vibespace-mcp-go/streaming/test/mocks/repository.go:39.2,39.14 1 0
github.com/bmorphism/vibespace-mcp-go/streaming/test/mocks/repository.go:43.60,46.2 2 1
github.com/bmorphism/vibespace-mcp-go/streaming/test/mocks/repository.go:49.68,51.9 2 0
github.com/bmorphism/vibespace-mcp-go/streaming/test/mocks/repository.go:51.9,53.3 1 0
github.com/bmorphism/vibespace-mcp-go/streaming/test/mocks/repository.go:54.2,54.19 1 0
github.com/bmorphism/vibespace-mcp-go/streaming/test/mocks/repository.go:58.56,60.33 2 1
github.com/bmorphism/vibespace-mcp-go/streaming/test/mocks/repository.go:60.33,62.3 1 1
github.com/bmorphism/vibespace-mcp-go/streaming/test/mocks/repository.go:63.2,63.15 1 1
github.com/bmorphism/vibespace-mcp-go/streaming/test/mocks/repository.go:67.63,70.2 2 1
github.com/bmorphism/vibespace-mcp-go/streaming/test/mocks/repository.go:73.76,75.16 2 0
github.com/bmorphism/vibespace-mcp-go/streaming/test/mocks/repository.go:75.16,77.3 1 0
github.com/bmorphism/vibespace-mcp-go/streaming/test/mocks/repository.go:79.2,79.29 1 0
github.com/bmorphism/vibespace-mcp-go/streaming/test/mocks/repository.go:79.29,81.3 1 0
github.com/bmorphism/vibespace-mcp-go/streaming/test/mocks/repository.go:83.2,83.37 1 0
github.com/bmorphism/vibespace-mcp-go/streaming/test/mocks/repository.go:87.40,111.2 6 1
github.com/bmorphism/vibespace-mcp-go/streaming/testutils/enhanced_mock_generator.go:17.94,21.2 1 1
github.com/bmorphism/vibespace-mcp-go/streaming/testutils/enhanced_mock_generator.go:24.99,25.28 1 0
github.com/bmorphism/vibespace-mcp-go/streaming/testutils/enhanced_mock_generator.go:25.28,27.3 1 0
github.com/bmorphism/vibespace-mcp-go/streaming/testutils/enhanced_mock_generator.go:30.2,34.20 2 0
github.com/bmorphism/vibespace-mcp-go/streaming/testutils/enhanced_mock_generator.go:38.91,39.28 1 1
github.com/bmorphism/vibespace-mcp-go/streaming/testutils/enhanced_mock_generator.go:39.28,41.3 1 1
github.com/bmorphism/vibespace-mcp-go/streaming/testutils/enhanced_mock_generator.go:43.2,46.31 3 1
github.com/bmorphism/vibespace-mcp-go/streaming/testutils/enhanced_mock_generator.go:46.31,52.3 2 1
github.com/bmorphism/vibespace-mcp-go/streaming/testutils/enhanced_mock_generator.go:54.2,54.21 1 1
github.com/bmorphism/vibespace-mcp-go/streaming/testutils/mock_service.go:17.78,21.2 1 1
github.com/bmorphism/vibespace-mcp-go/streaming/testutils/mock_service.go:24.91,31.2 2 1
github.com/bmorphism/vibespace-mcp-go/streaming/testutils/mock_service.go:34.83,38.31 3 1
github.com/bmorphism/vibespace-mcp-go/streaming/testutils/mock_service.go:38.31,44.3 2 1
github.com/bmorphism/vibespace-mcp-go/streaming/testutils/mock_service.go:46.2,46.21 1 1
github.com/bmorphism/vibespace-mcp-go/streaming/testutils/mock_service.go:50.166,63.2 7 1
